
=== Wed Jul 31 23:45:36 2019

Packages were changed.
Update Mode: updateDependencies

The following packages were added:
  com.unity.2d.tilemap@1.0.0
  com.unity.ext.nunit@1.0.0
  com.unity.test-framework@1.0.13
  com.unity.2d.sprite@1.0.0
  com.unity.ide.vscode@1.0.7
  com.unity.ide.rider@1.0.8
  com.unity.ugui@1.0.0
  com.unity.modules.androidjni@1.0.0
The following packages were updated:
  com.unity.package-manager-ui from version 2.1.2 to 2.2.0
  com.unity.render-pipelines.lightweight from version 5.7.2 to 6.9.0
  com.unity.timeline from version 1.0.0 to 1.1.0

=== Tue Sep  3 02:53:53 2019

Packages were changed.
Update Mode: updateDependencies

The following packages were updated:
  com.unity.ide.rider from version 1.0.8 to 1.1.0
  com.unity.ide.vscode from version 1.0.7 to 1.1.0

=== Sat Oct 26 01:46:39 2019

Packages were changed.
Update Mode: updateDependencies

The following packages were updated:
  com.unity.ide.vscode from version 1.1.0 to 1.1.2

=== Fri Jan 31 17:50:12 2020

Packages were changed.
Update Mode: updateDependencies

The following packages were updated:
  com.unity.analytics from version 3.3.2 to 3.3.5
  com.unity.ide.rider from version 1.1.0 to 1.1.4
  com.unity.ide.vscode from version 1.1.2 to 1.1.4
  com.unity.render-pipelines.lightweight from version 6.9.1 to 7.1.8
  com.unity.test-framework from version 1.0.13 to 1.1.9
  com.unity.timeline from version 1.1.0 to 1.2.10
The following packages were removed:
  com.unity.package-manager-ui@2.2.0

=== Sat Feb 29 16:49:31 2020

Packages were changed.
Update Mode: updateDependencies

The following packages were updated:
  com.unity.test-framework from version 1.1.9 to 1.1.11
  com.unity.timeline from version 1.2.10 to 1.2.12

=== Mon Apr 13 17:17:15 2020

Packages were changed.
Update Mode: updateDependencies

The following packages were updated:
  com.unity.render-pipelines.lightweight from version 7.2.1 to 7.3.1
  com.unity.test-framework from version 1.1.11 to 1.1.13
